<?xml version="1.0" encoding="UTF-8"?>
<!-- Generated by org.testng.reporters.JUnitReportReporter -->
<testsuite name="MavenTest.GmailMaven.TestSearchMail" tests="1" time="5.061" ignored="0" failures="0" timestamp="17 Jan 2017 04:27:19 GMT" skipped="0" hostname="AKSHAY-R" errors="0">
  <testcase name="searchTest" time="5.061" classname="MavenTest.GmailMaven.TestSearchMail"/>
</testsuite> <!-- MavenTest.GmailMaven.TestSearchMail -->
