<?xml version="1.0" encoding="UTF-8"?>
<!-- Generated by org.testng.reporters.JUnitReportReporter -->
<testsuite name="MavenTest.GmailMaven.TestLogin" tests="1" time="37.976" ignored="0" failures="0" timestamp="17 Jan 2017 04:27:19 GMT" skipped="0" hostname="AKSHAY-R" errors="0">
  <testcase name="loginTest" time="37.976" classname="MavenTest.GmailMaven.TestLogin"/>
</testsuite> <!-- MavenTest.GmailMaven.TestLogin -->
