<?xml version="1.0" encoding="UTF-8"?>
<!-- Generated by org.testng.reporters.JUnitReportReporter -->
<testsuite name="MavenTest.GmailMaven.TestStarMail" tests="1" time="21.745" ignored="0" failures="0" timestamp="17 Jan 2017 04:27:19 GMT" skipped="0" hostname="AKSHAY-R" errors="0">
  <testcase name="starTest" time="21.745" classname="MavenTest.GmailMaven.TestStarMail"/>
</testsuite> <!-- MavenTest.GmailMaven.TestStarMail -->
