<?xml version="1.0" encoding="UTF-8"?>
<!-- Generated by org.testng.reporters.JUnitReportReporter -->
<testsuite name="MavenTest.GmailMaven.TestDraftMail" tests="1" time="9.408" ignored="0" failures="0" timestamp="17 Jan 2017 04:27:19 GMT" skipped="0" hostname="AKSHAY-R" errors="0">
  <testcase name="draftTest" time="9.408" classname="MavenTest.GmailMaven.TestDraftMail"/>
</testsuite> <!-- MavenTest.GmailMaven.TestDraftMail -->
